<html>
<body>
<pre>
<h1>Vision Build Log</h1>
<h2>Tool Versions:</h2>
IDE-Version: μVision V5.26.2.0
Copyright (C) 2018 ARM Ltd and ARM Germany GmbH. All rights reserved.
License Information: 1 whzwhy@126.com, 2, LIC=585FJ-UFKJZ-LQ60Q-N9VKM-LT25P-D13ZM
 
Tool Versions:
Toolchain:       MDK-ARM Plus  Version: 5.26.2.0
Toolchain Path:  C:\Keil_v5\ARM\ARMCC\Bin
C Compiler:      Armcc.exe V5.06 update 6 (build 750)
Assembler:       Armasm.exe V5.06 update 6 (build 750)
Linker/Locator:  ArmLink.exe V5.06 update 6 (build 750)
Library Manager: ArmAr.exe V5.06 update 6 (build 750)
Hex Converter:   FromElf.exe V5.06 update 6 (build 750)
CPU DLL:         SARMCM3.DLL V5.26.2.0
Dialog DLL:      DCM.DLL V1.17.2.0
Target DLL:      STLink\ST-LINKIII-KEIL_SWO.dll V3.0.5.0
Dialog DLL:      TCM.DLL V1.36.1.0
 
<h2>Project:</h2>
G:\tuya-wsd\wsdkg\tuya-znkz\MDK-ARM\tuya-znkz.uvprojx
Project File Date:  03/04/2021

<h2>Output:</h2>
*** Using Compiler 'V5.06 update 6 (build 750)', folder: 'C:\Keil_v5\ARM\ARMCC\Bin'
Rebuild target 'tuya-znkz'
assembling startup_stm32f103xb.s...
compiling i2c.c...
compiling gpio.c...
compiling main.c...
compiling stm32f1xx_it.c...
compiling stm32f1xx_hal_msp.c...
compiling usart.c...
compiling stm32f1xx_hal_gpio_ex.c...
compiling stm32f1xx_hal_tim.c...
compiling stm32f1xx_hal_i2c.c...
compiling stm32f1xx_hal_tim_ex.c...
compiling stm32f1xx_hal_uart.c...
compiling stm32f1xx_hal.c...
compiling stm32f1xx_hal_rcc.c...
compiling stm32f1xx_hal_rcc_ex.c...
compiling stm32f1xx_hal_gpio.c...
compiling stm32f1xx_hal_cortex.c...
compiling stm32f1xx_hal_dma.c...
compiling stm32f1xx_hal_pwr.c...
compiling stm32f1xx_hal_flash_ex.c...
compiling stm32f1xx_hal_flash.c...
compiling stm32f1xx_hal_exti.c...
compiling mcu_api.c...
compiling system.c...
..\tuya\system.c(150): warning:  #177-D: variable "str"  was declared but never referenced
      unsigned char str[10] = {0};
..\tuya\system.c: 1 warning, 0 errors
compiling system_stm32f1xx.c...
compiling protocol.c...
..\tuya\protocol.c(121): warning:  #223-D: function "UART1_SendByte" declared implicitly
      UART1_SendByte(value);
..\tuya\protocol.c: 1 warning, 0 errors
compiling oled.c...
..\OLED\oled.c(26): error:  #5: cannot open source input file "delay.h": No such file or directory
  #include "delay.h"
..\OLED\oled.c: 0 warnings, 1 error
compiling myiic.c...
..\SHT20\myiic.c(2): error:  #5: cannot open source input file "delay.h": No such file or directory
  #include "delay.h"
..\SHT20\myiic.c: 0 warnings, 1 error
compiling SHT2x.c...
..\SHT20\SHT2x.c(2): error:  #5: cannot open source input file "delay.h": No such file or directory
  #include "delay.h"
..\SHT20\SHT2x.c: 0 warnings, 1 error
compiling delay.c...
..\SYSTEM\delay\delay.c(8): warning:  #223-D: function "SysTick_CLKSourceConfig" declared implicitly
  	SysTick_CLKSourceConfig(SysTick_CLKSource_HCLK_Div8);//选择外部时钟  HCLK/8
..\SYSTEM\delay\delay.c(8): error:  #20: identifier "SysTick_CLKSource_HCLK_Div8" is undefined
  	SysTick_CLKSourceConfig(SysTick_CLKSource_HCLK_Div8);//选择外部时钟  HCLK/8
..\SYSTEM\delay\delay.c: 1 warning, 1 error
"tuya-znkz\tuya-znkz.axf" - 4 Error(s), 3 Warning(s).

<h2>Software Packages used:</h2>

Package Vendor: ARM
                http://www.keil.com/pack/ARM.CMSIS.5.4.0.pack
                ARM.CMSIS.5.4.0
                CMSIS (Cortex Microcontroller Software Interface Standard)
   * Component: CORE Version: 5.1.2

Package Vendor: Keil
                http://www.keil.com/pack/Keil.STM32F1xx_DFP.1.1.0.pack
                Keil.STM32F1xx_DFP.1.1.0
                STMicroelectronics STM32F1 Series Device Support, Drivers and Examples

<h2>Collection of Component include folders:</h2>
  .\RTE\_tuya-znkz
  C:\Keil_v5\ARM\PACK\ARM\CMSIS\5.4.0\CMSIS\Core\Include
  C:\Keil_v5\ARM\PACK\Keil\STM32F1xx_DFP\1.1.0\Device\Include

<h2>Collection of Component Files used:</h2>

   * Component: ARM::CMSIS:CORE:5.1.2
Target not created.
Build Time Elapsed:  00:00:27
</pre>
</body>
</html>
